TN:
SF:src/App.tsx
FN:1,(empty-report)
FNF:1
FNH:0
FNDA:0,(empty-report)
DA:1,0
DA:2,0
DA:3,0
DA:4,0
DA:5,0
DA:6,0
DA:7,0
DA:8,0
DA:9,0
DA:10,0
DA:11,0
DA:12,0
DA:13,0
DA:14,0
DA:15,0
DA:16,0
DA:17,0
DA:18,0
DA:19,0
DA:20,0
DA:21,0
DA:22,0
DA:23,0
DA:24,0
DA:25,0
DA:26,0
DA:27,0
DA:28,0
DA:29,0
DA:30,0
DA:31,0
DA:32,0
DA:33,0
DA:34,0
DA:35,0
DA:36,0
DA:37,0
DA:38,0
DA:39,0
DA:40,0
DA:41,0
DA:42,0
LF:42
LH:0
BRDA:1,0,0,0
BRF:1
BRH:0
end_of_record
TN:
SF:src/main.tsx
FN:1,(empty-report)
FNF:1
FNH:0
FNDA:0,(empty-report)
DA:1,0
DA:2,0
DA:3,0
DA:4,0
DA:5,0
DA:6,0
DA:7,0
DA:8,0
DA:9,0
DA:10,0
DA:11,0
DA:12,0
DA:13,0
DA:14,0
DA:15,0
DA:16,0
DA:17,0
LF:17
LH:0
BRDA:1,0,0,0
BRF:1
BRH:0
end_of_record
TN:
SF:src/components/AuthRequired.tsx
FN:1,(empty-report)
FNF:1
FNH:0
FNDA:0,(empty-report)
DA:1,0
DA:2,0
DA:3,0
DA:4,0
DA:5,0
DA:6,0
DA:7,0
DA:8,0
DA:9,0
DA:10,0
DA:11,0
DA:12,0
DA:13,0
DA:14,0
DA:15,0
DA:16,0
DA:17,0
DA:18,0
DA:19,0
LF:19
LH:0
BRDA:1,0,0,0
BRF:1
BRH:0
end_of_record
TN:
SF:src/components/LoginForm.tsx
FN:25,LoginForm
FN:39,onRenderError
FN:50,onSubmit
FNF:3
FNH:1
FNDA:2,LoginForm
FNDA:0,onRenderError
FNDA:0,onSubmit
DA:1,1
DA:2,1
DA:3,1
DA:4,1
DA:5,1
DA:6,1
DA:7,1
DA:8,1
DA:9,1
DA:10,1
DA:11,1
DA:12,1
DA:13,1
DA:14,1
DA:15,1
DA:16,1
DA:17,1
DA:18,1
DA:19,1
DA:20,1
DA:21,1
DA:22,1
DA:23,1
DA:24,1
DA:25,1
DA:26,2
DA:27,2
DA:28,2
DA:29,2
DA:30,2
DA:31,2
DA:32,2
DA:33,2
DA:34,2
DA:35,2
DA:36,2
DA:37,2
DA:38,2
DA:39,2
DA:40,0
DA:41,0
DA:42,0
DA:43,0
DA:44,0
DA:45,0
DA:46,0
DA:47,0
DA:48,2
DA:49,2
DA:50,2
DA:51,0
DA:52,0
DA:53,0
DA:54,0
DA:55,0
DA:56,0
DA:57,0
DA:58,0
DA:59,0
DA:60,0
DA:61,0
DA:62,0
DA:63,0
DA:64,2
DA:65,2
DA:66,2
DA:67,1
DA:68,0
DA:69,0
DA:70,1
DA:71,2
DA:72,2
DA:73,2
DA:74,2
DA:75,2
DA:76,2
DA:77,2
DA:78,2
DA:79,2
DA:80,4
DA:81,4
DA:82,4
DA:83,4
DA:84,4
DA:85,4
DA:86,4
DA:87,4
DA:88,4
DA:89,4
DA:90,4
DA:91,4
DA:92,4
DA:93,0
DA:94,0
DA:95,0
DA:96,4
DA:97,4
DA:98,2
DA:99,2
DA:100,2
DA:101,2
DA:102,2
DA:103,2
DA:104,2
DA:105,2
DA:106,1
DA:107,1
LF:107
LH:81
BRDA:25,0,0,2
BRDA:36,1,0,0
BRDA:66,2,0,1
BRDA:67,3,0,0
BRDA:74,4,0,8
BRDA:74,5,0,6
BRDA:79,6,0,4
BRDA:82,7,0,0
BRDA:92,8,0,0
BRF:9
BRH:5
end_of_record
TN:
SF:src/components/Logo.tsx
FN:5,Logo
FNF:1
FNH:1
FNDA:4,Logo
DA:1,1
DA:2,1
DA:3,1
DA:4,1
DA:5,1
DA:6,4
DA:7,4
DA:8,4
DA:9,4
DA:10,4
DA:11,4
DA:12,4
DA:13,4
DA:14,4
DA:15,1
DA:16,1
LF:16
LH:16
BRDA:5,0,0,4
BRF:1
BRH:1
end_of_record
TN:
SF:src/components/Logout.tsx
FN:9,LogOut
FNF:1
FNH:1
FNDA:2,LogOut
DA:1,1
DA:2,1
DA:3,1
DA:4,1
DA:5,1
DA:6,1
DA:7,1
DA:8,1
DA:9,1
DA:10,2
DA:11,2
DA:12,2
DA:13,2
DA:14,2
DA:15,0
DA:16,0
DA:17,0
DA:18,2
DA:19,2
DA:20,2
DA:21,2
DA:22,2
DA:23,2
DA:24,2
DA:25,2
DA:26,1
DA:27,1
LF:27
LH:24
BRDA:9,0,0,2
BRF:1
BRH:1
end_of_record
TN:
SF:src/components/RegistrationForm.tsx
FN:23,RegistrationForm
FN:37,onRenderError
FN:48,onSubmit
FNF:3
FNH:1
FNDA:4,RegistrationForm
FNDA:0,onRenderError
FNDA:0,onSubmit
DA:1,1
DA:2,1
DA:3,1
DA:4,1
DA:5,1
DA:6,1
DA:7,1
DA:8,1
DA:9,1
DA:10,1
DA:11,1
DA:12,1
DA:13,1
DA:14,1
DA:15,1
DA:16,1
DA:17,1
DA:18,1
DA:19,1
DA:20,1
DA:21,1
DA:22,1
DA:23,1
DA:24,4
DA:25,4
DA:26,4
DA:27,4
DA:28,4
DA:29,4
DA:30,4
DA:31,4
DA:32,4
DA:33,4
DA:34,4
DA:35,4
DA:36,4
DA:37,4
DA:38,0
DA:39,0
DA:40,0
DA:41,0
DA:42,0
DA:43,0
DA:44,0
DA:45,0
DA:46,4
DA:47,4
DA:48,4
DA:49,0
DA:50,0
DA:51,0
DA:52,0
DA:53,0
DA:54,0
DA:55,0
DA:56,0
DA:57,0
DA:58,0
DA:59,0
DA:60,0
DA:61,0
DA:62,4
DA:63,4
DA:64,2
DA:65,0
DA:66,0
DA:67,2
DA:68,4
DA:69,4
DA:70,4
DA:71,4
DA:72,4
DA:73,16
DA:74,16
DA:75,16
DA:76,16
DA:77,16
DA:78,16
DA:79,16
DA:80,16
DA:81,16
DA:82,16
DA:83,16
DA:84,16
DA:85,16
DA:86,0
DA:87,0
DA:88,0
DA:89,16
DA:90,16
DA:91,4
DA:92,4
DA:93,4
DA:94,4
DA:95,4
DA:96,4
DA:97,4
DA:98,1
DA:99,1
LF:99
LH:73
BRDA:23,0,0,4
BRDA:63,1,0,2
BRDA:64,2,0,0
BRDA:72,3,0,16
BRDA:75,4,0,0
BRDA:85,5,0,0
BRF:6
BRH:3
end_of_record
TN:
SF:src/components/index.ts
FN:1,get
FN:2,get
FN:3,get
FN:4,get
FNF:4
FNH:4
FNDA:2,get
FNDA:4,get
FNDA:3,get
FNDA:4,get
DA:1,1
DA:2,1
DA:3,1
DA:4,1
LF:4
LH:4
BRDA:1,0,0,2
BRDA:2,1,0,4
BRDA:3,2,0,3
BRDA:4,3,0,4
BRF:4
BRH:4
end_of_record
TN:
SF:src/components/Docs/index.tsx
FN:37,onClick
FNF:1
FNH:0
FNDA:0,onClick
DA:1,1
DA:2,1
DA:3,1
DA:4,1
DA:5,1
DA:6,1
DA:7,1
DA:8,1
DA:9,1
DA:10,1
DA:11,6
DA:12,6
DA:13,6
DA:14,6
DA:15,6
DA:16,6
DA:17,6
DA:18,6
DA:19,6
DA:20,6
DA:21,3
DA:22,3
DA:23,3
DA:24,0
DA:25,0
DA:26,0
DA:27,0
DA:28,6
DA:29,6
DA:30,6
DA:31,6
DA:32,6
DA:33,6
DA:34,6
DA:35,6
DA:36,6
DA:37,6
DA:38,6
DA:39,6
DA:40,6
DA:41,6
DA:42,6
DA:43,6
DA:44,1
DA:45,1
DA:46,1
LF:46
LH:42
BRDA:10,0,0,6
BRDA:20,1,0,3
BRDA:23,2,0,0
BRF:3
BRH:2
end_of_record
TN:
SF:src/components/Docs/components/DetailedField.tsx
FNF:0
FNH:0
DA:1,1
DA:2,1
DA:3,1
DA:4,1
DA:5,1
DA:6,1
DA:7,1
DA:8,1
DA:9,1
DA:10,1
DA:11,2
DA:12,2
DA:13,2
DA:14,2
DA:15,2
DA:16,2
DA:17,2
DA:18,0
DA:19,1
DA:20,1
DA:21,1
DA:22,1
DA:23,1
DA:24,1
DA:25,1
DA:26,1
DA:27,1
DA:28,1
DA:29,1
DA:30,1
DA:31,1
LF:31
LH:30
BRDA:6,0,0,1
BRDA:10,1,0,2
BRDA:18,2,0,0
BRF:3
BRH:2
end_of_record
TN:
SF:src/components/Docs/components/FieldSchema.tsx
FN:23,hasElements
FNF:1
FNH:0
FNDA:0,hasElements
DA:1,1
DA:2,1
DA:3,1
DA:4,1
DA:5,1
DA:6,1
DA:7,1
DA:8,1
DA:9,1
DA:10,1
DA:11,1
DA:12,1
DA:13,1
DA:14,1
DA:15,1
DA:16,1
DA:17,1
DA:18,1
DA:19,1
DA:20,1
DA:21,1
DA:22,1
DA:23,1
DA:24,1
DA:25,1
DA:26,1
DA:27,9
DA:28,9
DA:29,9
DA:30,9
DA:31,9
DA:32,9
DA:33,0
DA:34,0
DA:35,0
DA:36,0
DA:37,0
DA:38,0
DA:39,0
DA:40,9
DA:41,9
DA:42,9
DA:43,0
DA:44,0
DA:45,0
DA:46,0
DA:47,0
DA:48,0
DA:49,0
DA:50,0
DA:51,0
DA:52,0
DA:53,0
DA:54,0
DA:55,0
DA:56,0
DA:57,0
DA:58,0
DA:59,0
DA:60,0
DA:61,0
DA:62,0
DA:63,9
DA:64,9
DA:65,9
DA:66,6
DA:67,6
DA:68,6
DA:69,0
DA:70,0
DA:71,0
DA:72,0
DA:73,0
DA:74,0
DA:75,0
DA:76,0
DA:77,0
DA:78,0
DA:79,0
DA:80,0
DA:81,0
DA:82,0
DA:83,0
DA:84,0
DA:85,0
DA:86,9
DA:87,9
DA:88,9
DA:89,3
DA:90,9
DA:91,9
DA:92,9
DA:93,9
DA:94,9
DA:95,9
DA:96,9
DA:97,9
DA:98,9
DA:99,9
DA:100,9
DA:101,9
DA:102,9
DA:103,0
DA:104,0
DA:105,0
DA:106,0
DA:107,0
DA:108,0
DA:109,0
DA:110,0
DA:111,0
DA:112,0
DA:113,0
DA:114,0
DA:115,0
DA:116,0
DA:117,0
DA:118,0
DA:119,0
DA:120,9
DA:121,9
DA:122,9
DA:123,9
DA:124,1
DA:125,1
DA:126,1
LF:126
LH:65
BRDA:26,0,0,9
BRDA:102,1,0,0
BRDA:27,2,0,12
BRDA:65,3,0,6
BRDA:68,4,0,0
BRDA:88,5,0,3
BRF:6
BRH:4
end_of_record
TN:
SF:src/components/Docs/components/NextField.tsx
FN:14,isGraphQLField
FN:25,onClick
FN:35,getNameFromTypeList
FNF:3
FNH:1
FNDA:1,isGraphQLField
FNDA:0,onClick
FNDA:0,getNameFromTypeList
DA:1,1
DA:2,1
DA:3,1
DA:4,1
DA:5,1
DA:6,1
DA:7,1
DA:8,1
DA:9,1
DA:10,1
DA:11,1
DA:12,1
DA:13,1
DA:14,1
DA:15,1
DA:16,1
DA:17,1
DA:18,1
DA:19,1
DA:20,1
DA:21,1
DA:22,1
DA:23,1
DA:24,1
DA:25,1
DA:26,0
DA:27,1
DA:28,1
DA:29,1
DA:30,1
DA:31,1
DA:32,1
DA:33,1
DA:34,1
DA:35,1
DA:36,0
DA:37,0
DA:38,0
DA:39,0
DA:40,0
DA:41,0
DA:42,0
DA:43,0
DA:44,0
DA:45,0
DA:46,0
DA:47,0
DA:48,0
DA:49,0
DA:50,0
DA:51,0
DA:52,0
DA:53,0
DA:54,0
DA:55,0
DA:56,1
DA:57,1
DA:58,1
DA:59,1
DA:60,1
DA:61,0
DA:62,0
DA:63,1
DA:64,1
DA:65,1
DA:66,1
DA:67,1
DA:68,1
DA:69,1
DA:70,1
DA:71,0
DA:72,0
DA:73,0
DA:74,0
DA:75,0
DA:76,0
DA:77,0
DA:78,0
DA:79,0
DA:80,0
DA:81,0
DA:82,0
DA:83,0
DA:84,0
DA:85,0
DA:86,0
DA:87,0
DA:88,1
DA:89,1
DA:90,1
DA:91,1
DA:92,1
DA:93,1
DA:94,1
DA:95,1
DA:96,1
DA:97,1
DA:98,1
DA:99,1
DA:100,1
DA:101,1
DA:102,1
DA:103,1
DA:104,1
DA:105,1
DA:106,1
DA:107,1
DA:108,1
LF:108
LH:68
BRDA:14,0,0,1
BRDA:17,1,0,0
BRDA:20,2,0,1
BRDA:22,3,0,1
BRDA:59,4,0,1
BRDA:60,5,0,0
BRDA:60,6,0,0
BRDA:69,7,0,1
BRDA:70,8,0,0
BRF:9
BRH:5
end_of_record
TN:
SF:src/components/Docs/components/index.ts
FN:1,get
FN:2,get
FN:3,get
FNF:3
FNH:3
FNDA:6,get
FNDA:1,get
FNDA:1,get
DA:1,1
DA:2,1
DA:3,1
LF:3
LH:3
BRDA:1,0,0,6
BRDA:2,1,0,1
BRDA:3,2,0,1
BRF:3
BRH:3
end_of_record
TN:
SF:src/components/Editor/Api.tsx
FN:4,Api
FNF:1
FNH:1
FNDA:2,Api
DA:1,1
DA:2,1
DA:3,1
DA:4,1
DA:5,2
DA:6,2
DA:7,2
DA:8,2
DA:9,2
DA:10,2
DA:11,2
DA:12,2
DA:13,2
DA:14,2
DA:15,1
DA:16,1
LF:16
LH:16
BRDA:4,0,0,2
BRDA:5,1,0,3
BRF:2
BRH:2
end_of_record
TN:
SF:src/components/Editor/CustomSection.tsx
FN:13,CustomSection
FN:26,handleSubmit
FN:49,handleLabelClick
FN:69,onChange
FNF:4
FNH:1
FNDA:6,CustomSection
FNDA:0,handleSubmit
FNDA:0,handleLabelClick
FNDA:0,onChange
DA:1,1
DA:2,1
DA:3,1
DA:4,1
DA:5,1
DA:6,1
DA:7,1
DA:8,1
DA:9,1
DA:10,1
DA:11,1
DA:12,1
DA:13,1
DA:14,6
DA:15,6
DA:16,6
DA:17,6
DA:18,6
DA:19,6
DA:20,6
DA:21,6
DA:22,6
DA:23,6
DA:24,6
DA:25,6
DA:26,6
DA:27,0
DA:28,0
DA:29,0
DA:30,0
DA:31,0
DA:32,0
DA:33,0
DA:34,0
DA:35,0
DA:36,0
DA:37,0
DA:38,0
DA:39,0
DA:40,0
DA:41,0
DA:42,0
DA:43,0
DA:44,0
DA:45,0
DA:46,0
DA:47,6
DA:48,6
DA:49,6
DA:50,0
DA:51,0
DA:52,6
DA:53,6
DA:54,6
DA:55,6
DA:56,6
DA:57,6
DA:58,6
DA:59,6
DA:60,6
DA:61,6
DA:62,6
DA:63,6
DA:64,0
DA:65,0
DA:66,0
DA:67,0
DA:68,0
DA:69,0
DA:70,0
DA:71,0
DA:72,0
DA:73,0
DA:74,0
DA:75,0
DA:76,0
DA:77,0
DA:78,6
DA:79,6
DA:80,6
DA:81,0
DA:82,0
DA:83,0
DA:84,6
DA:85,6
DA:86,6
DA:87,6
DA:88,1
DA:89,1
LF:89
LH:50
BRDA:13,0,0,6
BRDA:58,1,0,0
BRDA:63,2,0,0
BRDA:80,3,0,0
BRDA:18,4,0,9
BRF:5
BRH:2
end_of_record
TN:
SF:src/components/Editor/Editor.tsx
FN:6,Editor
FNF:1
FNH:1
FNDA:2,Editor
DA:1,1
DA:2,1
DA:3,1
DA:4,1
DA:5,1
DA:6,1
DA:7,2
DA:8,2
DA:9,1
DA:10,0
DA:11,0
DA:12,1
DA:13,2
DA:14,2
DA:15,2
DA:16,2
DA:17,2
DA:18,2
DA:19,2
DA:20,2
DA:21,2
DA:22,2
DA:23,2
DA:24,2
DA:25,2
DA:26,2
DA:27,1
DA:28,1
LF:28
LH:26
BRDA:6,0,0,2
BRDA:8,1,0,1
BRDA:9,2,0,0
BRF:3
BRH:2
end_of_record
TN:
SF:src/components/Editor/EditorSection.tsx
FN:18,EditorSection
FN:27,handleFormatCode
FN:36,handleSubmit
FN:68,formatInitialQuery
FN:109,onChange
FNF:5
FNH:2
FNDA:5,EditorSection
FNDA:0,handleFormatCode
FNDA:0,handleSubmit
FNDA:1,formatInitialQuery
FNDA:0,onChange
DA:1,1
DA:2,1
DA:3,1
DA:4,1
DA:5,1
DA:6,1
DA:7,1
DA:8,1
DA:9,1
DA:10,1
DA:11,1
DA:12,1
DA:13,1
DA:14,1
DA:15,1
DA:16,1
DA:17,1
DA:18,1
DA:19,5
DA:20,5
DA:21,5
DA:22,5
DA:23,5
DA:24,5
DA:25,5
DA:26,5
DA:27,5
DA:28,0
DA:29,0
DA:30,0
DA:31,0
DA:32,0
DA:33,0
DA:34,5
DA:35,5
DA:36,5
DA:37,0
DA:38,0
DA:39,0
DA:40,5
DA:41,5
DA:42,5
DA:43,1
DA:44,0
DA:45,0
DA:46,1
DA:47,5
DA:48,5
DA:49,5
DA:50,2
DA:51,2
DA:52,1
DA:53,1
DA:54,1
DA:55,5
DA:56,5
DA:57,5
DA:58,2
DA:59,2
DA:60,2
DA:61,5
DA:62,5
DA:63,5
DA:64,2
DA:65,5
DA:66,5
DA:67,5
DA:68,1
DA:69,1
DA:70,1
DA:71,1
DA:72,1
DA:73,0
DA:74,0
DA:75,1
DA:76,1
DA:77,5
DA:78,5
DA:79,5
DA:80,5
DA:81,5
DA:82,5
DA:83,5
DA:84,0
DA:85,0
DA:86,0
DA:87,0
DA:88,0
DA:89,0
DA:90,0
DA:91,0
DA:92,0
DA:93,0
DA:94,0
DA:95,0
DA:96,5
DA:97,5
DA:98,5
DA:99,5
DA:100,5
DA:101,5
DA:102,29
DA:103,5
DA:104,5
DA:105,5
DA:106,5
DA:107,0
DA:108,0
DA:109,0
DA:110,0
DA:111,0
DA:112,0
DA:113,0
DA:114,0
DA:115,0
DA:116,0
DA:117,5
DA:118,5
DA:119,5
DA:120,5
DA:121,5
DA:122,5
DA:123,5
DA:124,5
DA:125,1
DA:126,1
LF:126
LH:91
BRDA:18,0,0,5
BRDA:83,1,0,0
BRDA:106,2,0,0
BRDA:22,3,0,8
BRDA:42,4,0,1
BRDA:43,5,0,0
BRDA:49,6,0,2
BRDA:51,7,0,1
BRDA:57,8,0,2
BRDA:63,9,0,2
BRDA:67,10,0,1
BRDA:68,11,0,1
BRDA:72,12,0,0
BRDA:101,13,0,29
BRF:14
BRH:10
end_of_record
TN:
SF:src/components/Editor/Headers.tsx
FN:3,Headers
FNF:1
FNH:1
FNDA:2,Headers
DA:1,1
DA:2,1
DA:3,1
DA:4,2
DA:5,2
DA:6,2
DA:7,2
DA:8,2
DA:9,2
DA:10,2
DA:11,2
DA:12,1
DA:13,1
LF:13
LH:13
BRDA:3,0,0,2
BRF:1
BRH:1
end_of_record
TN:
SF:src/components/Editor/Variables.tsx
FN:3,Variables
FNF:1
FNH:1
FNDA:2,Variables
DA:1,1
DA:2,1
DA:3,1
DA:4,2
DA:5,2
DA:6,2
DA:7,2
DA:8,2
DA:9,2
DA:10,2
DA:11,2
DA:12,1
DA:13,1
LF:13
LH:13
BRDA:3,0,0,2
BRF:1
BRH:1
end_of_record
TN:
SF:src/components/Loader/Loader.tsx
FN:1,(empty-report)
FNF:1
FNH:0
FNDA:0,(empty-report)
DA:1,0
DA:2,0
DA:3,0
DA:4,0
DA:5,0
DA:6,0
DA:7,0
DA:8,0
DA:9,0
LF:9
LH:0
BRDA:1,0,0,0
BRF:1
BRH:0
end_of_record
TN:
SF:src/components/Loader/index.ts
FN:1,(empty-report)
FNF:1
FNH:0
FNDA:0,(empty-report)
DA:1,0
LF:1
LH:0
BRDA:1,0,0,0
BRF:1
BRH:0
end_of_record
TN:
SF:src/components/Welcome/About.tsx
FN:7,About
FNF:1
FNH:1
FNDA:6,About
DA:1,1
DA:2,1
DA:3,1
DA:4,1
DA:5,1
DA:6,1
DA:7,1
DA:8,6
DA:9,6
DA:10,6
DA:11,3
DA:12,0
DA:13,0
DA:14,3
DA:15,6
DA:16,6
DA:17,6
DA:18,6
DA:19,6
DA:20,6
DA:21,6
DA:22,6
DA:23,6
DA:24,6
DA:25,6
DA:26,6
DA:27,6
DA:28,30
DA:29,30
DA:30,30
DA:31,30
DA:32,30
DA:33,30
DA:34,30
DA:35,30
DA:36,30
DA:37,30
DA:38,30
DA:39,30
DA:40,30
DA:41,30
DA:42,30
DA:43,6
DA:44,6
DA:45,6
DA:46,6
DA:47,6
DA:48,6
DA:49,6
DA:50,6
DA:51,6
DA:52,1
DA:53,1
LF:53
LH:51
BRDA:7,0,0,6
BRDA:17,1,0,0
BRDA:21,2,0,0
BRDA:10,3,0,3
BRDA:11,4,0,0
BRDA:27,5,0,30
BRDA:29,6,0,0
BRDA:32,7,0,0
BRDA:36,8,0,0
BRF:9
BRH:3
end_of_record
TN:
SF:src/components/Welcome/Dog.tsx
FN:7,Dog
FNF:1
FNH:1
FNDA:6,Dog
DA:1,1
DA:2,1
DA:3,1
DA:4,1
DA:5,1
DA:6,1
DA:7,1
DA:8,6
DA:9,6
DA:10,6
DA:11,6
DA:12,6
DA:13,6
DA:14,6
DA:15,6
DA:16,6
DA:17,6
DA:18,6
DA:19,6
DA:20,6
DA:21,6
DA:22,6
DA:23,6
DA:24,6
DA:25,6
DA:26,6
DA:27,6
DA:28,6
DA:29,6
DA:30,6
DA:31,6
DA:32,6
DA:33,6
DA:34,6
DA:35,6
DA:36,6
DA:37,6
DA:38,6
DA:39,6
DA:40,6
DA:41,6
DA:42,6
DA:43,1
DA:44,1
LF:44
LH:44
BRDA:7,0,0,6
BRDA:11,1,0,0
BRDA:13,2,0,0
BRDA:19,3,0,0
BRF:4
BRH:1
end_of_record
TN:
SF:src/components/Welcome/GraphQL.tsx
FN:4,GraphQL
FNF:1
FNH:1
FNDA:6,GraphQL
DA:1,1
DA:2,1
DA:3,1
DA:4,1
DA:5,6
DA:6,6
DA:7,6
DA:8,6
DA:9,6
DA:10,6
DA:11,6
DA:12,6
DA:13,6
DA:14,6
DA:15,6
DA:16,6
DA:17,6
DA:18,6
DA:19,6
DA:20,6
DA:21,6
DA:22,6
DA:23,1
DA:24,1
LF:24
LH:24
BRDA:4,0,0,6
BRDA:9,1,0,0
BRDA:13,2,0,0
BRF:3
BRH:1
end_of_record
TN:
SF:src/components/Welcome/Member.tsx
FN:7,Member
FNF:1
FNH:1
FNDA:6,Member
DA:1,1
DA:2,1
DA:3,1
DA:4,1
DA:5,1
DA:6,1
DA:7,1
DA:8,6
DA:9,6
DA:10,6
DA:11,3
DA:12,0
DA:13,0
DA:14,3
DA:15,6
DA:16,6
DA:17,6
DA:18,6
DA:19,18
DA:20,18
DA:21,18
DA:22,18
DA:23,18
DA:24,18
DA:25,18
DA:26,18
DA:27,18
DA:28,18
DA:29,18
DA:30,18
DA:31,18
DA:32,18
DA:33,18
DA:34,18
DA:35,18
DA:36,18
DA:37,18
DA:38,18
DA:39,18
DA:40,18
DA:41,18
DA:42,18
DA:43,18
DA:44,18
DA:45,18
DA:46,18
DA:47,18
DA:48,18
DA:49,18
DA:50,18
DA:51,18
DA:52,18
DA:53,18
DA:54,78
DA:55,78
DA:56,78
DA:57,18
DA:58,18
DA:59,18
DA:60,18
DA:61,18
DA:62,18
DA:63,18
DA:64,18
DA:65,6
DA:66,6
DA:67,6
DA:68,6
DA:69,1
DA:70,1
LF:70
LH:68
BRDA:7,0,0,6
BRDA:10,1,0,3
BRDA:11,2,0,0
BRDA:18,3,0,18
BRDA:20,4,0,0
BRDA:53,5,0,78
BRDA:54,6,0,0
BRF:7
BRH:4
end_of_record
TN:
SF:src/components/Welcome/Plus.tsx
FN:8,Plus
FNF:1
FNH:1
FNDA:6,Plus
DA:1,1
DA:2,1
DA:3,1
DA:4,1
DA:5,1
DA:6,1
DA:7,1
DA:8,1
DA:9,6
DA:10,6
DA:11,6
DA:12,3
DA:13,0
DA:14,0
DA:15,3
DA:16,6
DA:17,6
DA:18,6
DA:19,6
DA:20,6
DA:21,6
DA:22,6
DA:23,6
DA:24,6
DA:25,6
DA:26,6
DA:27,6
DA:28,6
DA:29,24
DA:30,24
DA:31,24
DA:32,24
DA:33,24
DA:34,24
DA:35,24
DA:36,6
DA:37,6
DA:38,6
DA:39,6
DA:40,6
DA:41,6
DA:42,6
DA:43,6
DA:44,6
DA:45,1
DA:46,1
LF:46
LH:44
BRDA:8,0,0,6
BRDA:18,1,0,0
BRDA:22,2,0,0
BRDA:11,3,0,3
BRDA:12,4,0,0
BRDA:28,5,0,24
BRDA:31,6,0,0
BRF:7
BRH:3
end_of_record
TN:
SF:src/components/Welcome/Team.tsx
FN:5,Team
FNF:1
FNH:1
FNDA:6,Team
DA:1,1
DA:2,1
DA:3,1
DA:4,1
DA:5,1
DA:6,6
DA:7,6
DA:8,6
DA:9,6
DA:10,6
DA:11,6
DA:12,6
DA:13,6
DA:14,6
DA:15,6
DA:16,6
DA:17,6
DA:18,6
DA:19,6
DA:20,6
DA:21,6
DA:22,6
DA:23,6
DA:24,6
DA:25,6
DA:26,1
DA:27,1
LF:27
LH:27
BRDA:5,0,0,6
BRDA:10,1,0,0
BRDA:14,2,0,0
BRF:3
BRH:1
end_of_record
TN:
SF:src/components/Welcome/Video.tsx
FN:3,Video
FNF:1
FNH:1
FNDA:3,Video
DA:1,1
DA:2,1
DA:3,1
DA:4,3
DA:5,3
DA:6,3
DA:7,3
DA:8,3
DA:9,3
DA:10,3
DA:11,3
DA:12,3
DA:13,3
DA:14,3
DA:15,3
DA:16,3
DA:17,1
DA:18,1
LF:18
LH:18
BRDA:3,0,0,3
BRF:1
BRH:1
end_of_record
TN:
SF:src/constants/developers.ts
FNF:0
FNH:0
DA:1,1
DA:2,1
DA:3,1
DA:4,1
DA:5,1
DA:6,1
DA:7,1
DA:8,1
DA:9,1
DA:10,1
DA:11,1
DA:12,1
DA:13,1
DA:14,1
DA:15,1
DA:16,1
DA:17,1
DA:18,1
DA:19,1
DA:20,1
DA:21,1
DA:22,1
DA:23,1
DA:24,1
DA:25,1
DA:26,1
DA:27,1
DA:28,1
DA:29,1
DA:30,1
DA:31,1
DA:32,1
DA:33,1
DA:34,1
DA:35,1
DA:36,1
DA:37,1
DA:38,1
DA:39,1
DA:40,1
DA:41,1
DA:42,1
DA:43,1
DA:44,1
DA:45,1
DA:46,1
DA:47,1
DA:48,1
DA:49,1
DA:50,1
DA:51,1
DA:52,1
DA:53,1
DA:54,1
DA:55,1
LF:55
LH:55
BRF:0
BRH:0
end_of_record
TN:
SF:src/constants/editor.ts
FNF:0
FNH:0
DA:1,1
DA:2,1
DA:3,1
DA:4,1
DA:5,1
DA:6,1
DA:7,1
DA:8,1
DA:9,1
DA:10,1
DA:11,1
DA:12,1
DA:13,1
DA:14,1
DA:15,1
DA:16,1
DA:17,1
DA:18,1
DA:19,1
DA:20,1
DA:21,1
DA:22,1
DA:23,1
DA:24,1
LF:24
LH:24
BRF:0
BRH:0
end_of_record
TN:
SF:src/constants/errors.ts
FNF:0
FNH:0
DA:1,1
DA:2,1
DA:3,1
DA:4,1
DA:5,1
DA:6,1
DA:7,1
DA:8,1
DA:9,1
DA:10,1
DA:11,1
DA:12,1
DA:13,1
DA:14,1
DA:15,1
DA:16,1
DA:17,1
DA:18,1
DA:19,1
DA:20,1
DA:21,1
DA:22,1
DA:23,1
DA:24,1
DA:25,1
LF:25
LH:25
BRF:0
BRH:0
end_of_record
TN:
SF:src/constants/fields.ts
FNF:0
FNH:0
DA:1,1
DA:2,1
DA:3,1
DA:4,1
DA:5,1
DA:6,1
DA:7,1
DA:8,1
DA:9,1
DA:10,1
DA:11,1
DA:12,1
DA:13,1
DA:14,1
DA:15,1
DA:16,1
DA:17,1
DA:18,1
DA:19,1
DA:20,1
DA:21,1
DA:22,1
DA:23,1
DA:24,1
DA:25,1
DA:26,1
DA:27,1
DA:28,1
DA:29,1
DA:30,1
DA:31,1
DA:32,1
DA:33,1
DA:34,1
DA:35,1
DA:36,1
DA:37,1
DA:38,1
DA:39,1
DA:40,1
DA:41,1
DA:42,1
DA:43,1
DA:44,1
DA:45,1
DA:46,1
DA:47,1
DA:48,1
DA:49,1
DA:50,1
DA:51,1
DA:52,1
DA:53,1
DA:54,1
DA:55,1
LF:55
LH:55
BRF:0
BRH:0
end_of_record
TN:
SF:src/constants/index.ts
FNF:0
FNH:0
DA:1,1
DA:2,1
DA:3,1
DA:4,1
DA:5,1
DA:6,1
DA:7,1
DA:8,1
DA:9,1
DA:10,1
DA:11,1
DA:12,1
DA:13,1
DA:14,1
DA:15,1
DA:16,1
DA:17,1
DA:18,1
DA:19,1
DA:20,1
DA:21,1
DA:22,1
DA:23,1
DA:24,1
DA:25,1
DA:26,1
DA:27,1
DA:28,1
DA:29,1
DA:30,1
DA:31,1
DA:32,1
DA:33,1
DA:34,1
DA:35,1
DA:36,1
DA:37,1
DA:38,1
DA:39,1
DA:40,1
DA:41,1
DA:42,1
DA:43,1
DA:44,1
DA:45,1
DA:46,1
DA:47,1
DA:48,1
DA:49,1
DA:50,1
DA:51,1
DA:52,1
DA:53,1
DA:54,1
DA:55,1
DA:56,1
DA:57,1
DA:58,1
DA:59,1
DA:60,1
DA:61,1
DA:62,1
DA:63,1
DA:64,1
DA:65,1
DA:66,1
DA:67,1
DA:68,1
DA:69,1
DA:70,1
DA:71,1
DA:72,1
DA:73,1
DA:74,1
DA:75,1
DA:76,1
DA:77,1
DA:78,1
DA:79,1
DA:80,1
DA:81,1
DA:82,1
DA:83,1
DA:84,1
DA:85,1
DA:86,1
DA:87,1
DA:88,1
DA:89,1
DA:90,1
DA:91,1
DA:92,1
DA:93,1
DA:94,1
DA:95,1
DA:96,1
DA:97,1
DA:98,1
DA:99,1
DA:100,1
DA:101,1
DA:102,1
DA:103,1
DA:104,1
DA:105,1
DA:106,1
DA:107,1
DA:108,1
DA:109,1
DA:110,1
DA:111,1
DA:112,1
DA:113,1
DA:114,1
DA:115,1
DA:116,1
DA:117,1
DA:118,1
DA:119,1
LF:119
LH:119
BRF:0
BRH:0
end_of_record
TN:
SF:src/constants/route.ts
FNF:0
FNH:0
DA:1,1
DA:2,1
DA:3,1
DA:4,1
DA:5,1
DA:6,1
DA:7,1
DA:8,1
DA:9,1
DA:10,1
DA:11,1
DA:12,1
DA:13,1
DA:14,1
DA:15,1
LF:15
LH:15
BRF:0
BRH:0
end_of_record
TN:
SF:src/constants/toastsConst.ts
FNF:0
FNH:0
DA:1,1
DA:2,1
DA:3,1
DA:4,1
DA:5,1
DA:6,1
DA:7,1
DA:8,1
DA:9,1
DA:10,1
DA:11,1
DA:12,1
DA:13,1
DA:14,1
DA:15,1
DA:16,1
DA:17,1
DA:18,1
DA:19,1
DA:20,1
DA:21,1
DA:22,1
DA:23,1
DA:24,1
DA:25,1
DA:26,1
DA:27,1
DA:28,1
DA:29,1
DA:30,1
DA:31,1
DA:32,1
DA:33,1
DA:34,1
DA:35,1
DA:36,1
DA:37,1
DA:38,1
DA:39,1
LF:39
LH:39
BRF:0
BRH:0
end_of_record
TN:
SF:src/context/LocalContext.tsx
FN:19,LocalizationProvider
FN:25,changeLanguage
FN:42,Localization
FNF:3
FNH:2
FNDA:18,LocalizationProvider
FNDA:0,changeLanguage
FNDA:65,Localization
DA:1,1
DA:2,1
DA:3,1
DA:4,1
DA:5,1
DA:6,1
DA:7,1
DA:8,1
DA:9,1
DA:10,1
DA:11,1
DA:12,1
DA:13,1
DA:14,1
DA:15,1
DA:16,1
DA:17,1
DA:18,1
DA:19,1
DA:20,18
DA:21,18
DA:22,18
DA:23,18
DA:24,18
DA:25,18
DA:26,0
DA:27,18
DA:28,18
DA:29,18
DA:30,9
DA:31,18
DA:32,18
DA:33,18
DA:34,18
DA:35,18
DA:36,18
DA:37,18
DA:38,18
DA:39,18
DA:40,18
DA:41,1
DA:42,1
DA:43,65
DA:44,65
DA:45,0
DA:46,0
DA:47,65
DA:48,65
LF:48
LH:45
BRDA:19,0,0,18
BRDA:29,1,0,9
BRDA:42,2,0,65
BRDA:44,3,0,0
BRF:4
BRH:3
end_of_record
TN:
SF:src/context/LocalData.ts
FNF:0
FNH:0
DA:1,1
DA:2,1
DA:3,1
DA:4,1
DA:5,1
DA:6,1
DA:7,1
DA:8,1
DA:9,1
DA:10,1
DA:11,1
DA:12,1
DA:13,1
DA:14,1
DA:15,1
DA:16,1
DA:17,1
DA:18,1
DA:19,1
DA:20,1
DA:21,1
DA:22,1
DA:23,1
DA:24,1
DA:25,1
DA:26,1
DA:27,1
DA:28,1
DA:29,1
DA:30,1
DA:31,1
DA:32,1
DA:33,1
DA:34,1
DA:35,1
DA:36,1
DA:37,1
DA:38,1
DA:39,1
DA:40,1
DA:41,1
DA:42,1
DA:43,1
DA:44,1
DA:45,1
DA:46,1
DA:47,1
DA:48,1
DA:49,1
DA:50,1
DA:51,1
DA:52,1
DA:53,1
DA:54,1
DA:55,1
DA:56,1
DA:57,1
DA:58,1
DA:59,1
DA:60,1
DA:61,1
DA:62,1
DA:63,1
DA:64,1
DA:65,1
DA:66,1
DA:67,1
DA:68,1
DA:69,1
DA:70,1
DA:71,1
DA:72,1
DA:73,1
DA:74,1
DA:75,1
DA:76,1
DA:77,1
DA:78,1
DA:79,1
DA:80,1
DA:81,1
DA:82,1
DA:83,1
DA:84,1
DA:85,1
DA:86,1
DA:87,1
DA:88,1
DA:89,1
DA:90,1
DA:91,1
DA:92,1
LF:92
LH:92
BRF:0
BRH:0
end_of_record
TN:
SF:src/context/types.ts
FN:1,(empty-report)
FNF:1
FNH:0
FNDA:0,(empty-report)
DA:1,0
DA:2,0
DA:3,0
DA:4,0
DA:5,0
DA:6,0
DA:7,0
DA:8,0
DA:9,0
DA:10,0
DA:11,0
DA:12,0
DA:13,0
LF:13
LH:0
BRDA:1,0,0,0
BRF:1
BRH:0
end_of_record
TN:
SF:src/firebase/firebase.ts
FN:24,logInWithEmailAndPassword
FN:28,registerWithEmailAndPassword
FN:41,logout
FNF:3
FNH:0
FNDA:0,logInWithEmailAndPassword
FNDA:0,registerWithEmailAndPassword
FNDA:0,logout
DA:1,1
DA:2,1
DA:3,1
DA:4,1
DA:5,1
DA:6,1
DA:7,1
DA:8,1
DA:9,1
DA:10,1
DA:11,1
DA:12,1
DA:13,1
DA:14,1
DA:15,1
DA:16,1
DA:17,1
DA:18,1
DA:19,1
DA:20,1
DA:21,1
DA:22,1
DA:23,1
DA:24,1
DA:25,0
DA:26,0
DA:27,1
DA:28,1
DA:29,0
DA:30,0
DA:31,0
DA:32,0
DA:33,0
DA:34,0
DA:35,0
DA:36,0
DA:37,0
DA:38,0
DA:39,0
DA:40,1
DA:41,1
DA:42,0
DA:43,0
DA:44,1
DA:45,1
DA:46,1
DA:47,1
DA:48,1
DA:49,1
DA:50,1
LF:50
LH:35
BRF:0
BRH:0
end_of_record
TN:
SF:src/hooks/useClickOutside.tsx
FN:3,useClickOutside
FN:7,handleClick
FNF:2
FNH:1
FNDA:6,useClickOutside
FNDA:0,handleClick
DA:1,1
DA:2,1
DA:3,1
DA:4,6
DA:5,6
DA:6,6
DA:7,3
DA:8,0
DA:9,0
DA:10,0
DA:11,3
DA:12,3
DA:13,3
DA:14,3
DA:15,3
DA:16,6
DA:17,6
DA:18,6
DA:19,3
DA:20,0
DA:21,0
DA:22,3
DA:23,3
DA:24,3
DA:25,3
DA:26,6
DA:27,6
DA:28,6
DA:29,6
DA:30,1
DA:31,1
LF:31
LH:26
BRDA:3,0,0,6
BRDA:6,1,0,3
BRDA:13,2,0,3
BRDA:18,3,0,3
BRDA:19,4,0,0
BRDA:23,5,0,3
BRF:6
BRH:5
end_of_record
TN:
SF:src/hooks/useGetDocsFromApi.tsx
FN:6,useGetDocsFromApi
FN:26,fetchDocs
FNF:2
FNH:2
FNDA:6,useGetDocsFromApi
FNDA:3,fetchDocs
DA:1,1
DA:2,1
DA:3,1
DA:4,1
DA:5,1
DA:6,1
DA:7,6
DA:8,6
DA:9,6
DA:10,6
DA:11,6
DA:12,3
DA:13,3
DA:14,3
DA:15,3
DA:16,3
DA:17,0
DA:18,0
DA:19,6
DA:20,6
DA:21,6
DA:22,6
DA:23,6
DA:24,3
DA:25,3
DA:26,3
DA:27,3
DA:28,3
DA:29,0
DA:30,0
DA:31,3
DA:32,3
DA:33,3
DA:34,3
DA:35,3
DA:36,3
DA:37,6
DA:38,6
DA:39,6
DA:40,6
DA:41,1
DA:42,1
LF:42
LH:38
BRDA:6,0,0,6
BRDA:8,1,0,9
BRDA:11,2,0,3
BRDA:17,3,0,0
BRDA:23,4,0,3
BRDA:26,5,0,3
BRDA:29,6,0,0
BRF:7
BRH:5
end_of_record
TN:
SF:src/hooks/useIntersectionObserver.tsx
FN:3,useIntersectionObserver
FN:9,IntersectionObserver.root
FNF:2
FNH:1
FNDA:36,useIntersectionObserver
FNDA:0,IntersectionObserver.root
DA:1,1
DA:2,1
DA:3,1
DA:4,36
DA:5,36
DA:6,36
DA:7,36
DA:8,18
DA:9,18
DA:10,0
DA:11,18
DA:12,18
DA:13,18
DA:14,18
DA:15,18
DA:16,18
DA:17,18
DA:18,18
DA:19,18
DA:20,18
DA:21,18
DA:22,18
DA:23,18
DA:24,18
DA:25,18
DA:26,18
DA:27,18
DA:28,18
DA:29,18
DA:30,36
DA:31,36
DA:32,36
DA:33,36
DA:34,1
DA:35,1
LF:35
LH:34
BRDA:3,0,0,36
BRDA:7,1,0,18
BRDA:25,2,0,18
BRF:3
BRH:3
end_of_record
TN:
SF:src/hooks/useSchema.tsx
FN:8,useSchema
FNF:1
FNH:1
FNDA:9,useSchema
DA:1,1
DA:2,1
DA:3,1
DA:4,1
DA:5,1
DA:6,1
DA:7,1
DA:8,1
DA:9,9
DA:10,9
DA:11,9
DA:12,9
DA:13,5
DA:14,1
DA:15,1
DA:16,1
DA:17,1
DA:18,1
DA:19,1
DA:20,1
DA:21,1
DA:22,1
DA:23,1
DA:24,1
DA:25,1
DA:26,1
DA:27,1
DA:28,1
DA:29,1
DA:30,1
DA:31,1
DA:32,9
DA:33,9
DA:34,9
DA:35,9
DA:36,9
DA:37,9
DA:38,9
DA:39,9
DA:40,1
DA:41,1
LF:41
LH:41
BRDA:8,0,0,9
BRDA:12,1,0,5
BRDA:13,2,0,1
BRDA:18,3,0,11
BRF:4
BRH:4
end_of_record
TN:
SF:src/layout/Footer.tsx
FN:4,Footer
FNF:1
FNH:1
FNDA:2,Footer
DA:1,1
DA:2,1
DA:3,1
DA:4,1
DA:5,2
DA:6,2
DA:7,2
DA:8,2
DA:9,2
DA:10,2
DA:11,2
DA:12,2
DA:13,2
DA:14,2
DA:15,2
DA:16,2
DA:17,2
DA:18,6
DA:19,6
DA:20,6
DA:21,6
DA:22,6
DA:23,6
DA:24,6
DA:25,6
DA:26,6
DA:27,2
DA:28,2
DA:29,2
DA:30,2
DA:31,2
DA:32,2
DA:33,2
DA:34,2
DA:35,2
DA:36,2
DA:37,1
DA:38,1
LF:38
LH:38
BRDA:4,0,0,2
BRDA:17,1,0,6
BRF:2
BRH:2
end_of_record
TN:
SF:src/layout/Header.tsx
FN:15,Header
FN:22,handleLanguageChange
FN:26,toggleMenu
FN:30,closeMenu
FN:64,handleScroll
FN:100,onChange
FNF:6
FNH:1
FNDA:4,Header
FNDA:0,handleLanguageChange
FNDA:0,toggleMenu
FNDA:0,closeMenu
FNDA:0,handleScroll
FNDA:0,onChange
DA:1,1
DA:2,1
DA:3,1
DA:4,1
DA:5,1
DA:6,1
DA:7,1
DA:8,1
DA:9,1
DA:10,1
DA:11,1
DA:12,1
DA:13,1
DA:14,1
DA:15,1
DA:16,4
DA:17,4
DA:18,4
DA:19,4
DA:20,4
DA:21,4
DA:22,4
DA:23,0
DA:24,4
DA:25,4
DA:26,4
DA:27,0
DA:28,4
DA:29,4
DA:30,4
DA:31,0
DA:32,4
DA:33,4
DA:34,4
DA:35,4
DA:36,4
DA:37,4
DA:38,0
DA:39,0
DA:40,0
DA:41,0
DA:42,4
DA:43,4
DA:44,4
DA:45,4
DA:46,4
DA:47,4
DA:48,4
DA:49,4
DA:50,4
DA:51,4
DA:52,4
DA:53,4
DA:54,4
DA:55,4
DA:56,4
DA:57,4
DA:58,4
DA:59,4
DA:60,4
DA:61,4
DA:62,4
DA:63,4
DA:64,2
DA:65,0
DA:66,2
DA:67,2
DA:68,2
DA:69,2
DA:70,2
DA:71,2
DA:72,2
DA:73,4
DA:74,4
DA:75,4
DA:76,4
DA:77,4
DA:78,4
DA:79,4
DA:80,4
DA:81,4
DA:82,4
DA:83,4
DA:84,4
DA:85,4
DA:86,4
DA:87,4
DA:88,4
DA:89,4
DA:90,4
DA:91,4
DA:92,4
DA:93,4
DA:94,4
DA:95,4
DA:96,4
DA:97,4
DA:98,4
DA:99,4
DA:100,4
DA:101,0
DA:102,0
DA:103,0
DA:104,0
DA:105,0
DA:106,4
DA:107,4
DA:108,4
DA:109,4
DA:110,4
DA:111,4
DA:112,4
DA:113,4
DA:114,4
DA:115,4
DA:116,4
DA:117,4
DA:118,1
DA:119,1
LF:119
LH:106
BRDA:15,0,0,4
BRDA:76,1,0,0
BRDA:90,2,0,0
BRDA:17,3,0,6
BRDA:34,4,0,4
BRDA:37,5,0,0
BRDA:45,6,0,4
BRDA:47,7,0,0
BRDA:63,8,0,2
BRDA:70,9,0,2
BRF:10
BRH:6
end_of_record
TN:
SF:src/layout/NavigationLayout.tsx
FN:5,NavigationLayout
FNF:1
FNH:1
FNDA:1,NavigationLayout
DA:1,1
DA:2,1
DA:3,1
DA:4,1
DA:5,1
DA:6,1
DA:7,1
DA:8,1
DA:9,1
DA:10,1
DA:11,1
DA:12,1
DA:13,1
DA:14,1
DA:15,1
DA:16,1
DA:17,1
LF:17
LH:17
BRDA:5,0,0,1
BRF:1
BRH:1
end_of_record
TN:
SF:src/layout/index.ts
FN:1,get
FN:2,get
FN:3,get
FNF:3
FNH:2
FNDA:1,get
FNDA:0,get
FNDA:1,get
DA:1,1
DA:2,1
DA:3,1
LF:3
LH:3
BRDA:1,0,0,1
BRDA:3,1,0,1
BRF:2
BRH:2
end_of_record
TN:
SF:src/pages/Login.tsx
FN:7,Login
FNF:1
FNH:1
FNDA:2,Login
DA:1,1
DA:2,1
DA:3,1
DA:4,1
DA:5,1
DA:6,1
DA:7,1
DA:8,2
DA:9,2
DA:10,2
DA:11,2
DA:12,0
DA:13,0
DA:14,2
DA:15,2
DA:16,2
DA:17,2
DA:18,2
DA:19,2
DA:20,2
DA:21,2
DA:22,2
DA:23,2
DA:24,2
DA:25,2
DA:26,2
DA:27,2
DA:28,2
DA:29,2
DA:30,2
DA:31,2
DA:32,2
DA:33,2
DA:34,1
DA:35,1
LF:35
LH:33
BRDA:7,0,0,2
BRDA:11,1,0,0
BRDA:8,2,0,3
BRF:3
BRH:2
end_of_record
TN:
SF:src/pages/Main.tsx
FN:8,Main
FNF:1
FNH:1
FNDA:2,Main
DA:1,1
DA:2,1
DA:3,1
DA:4,1
DA:5,1
DA:6,1
DA:7,1
DA:8,1
DA:9,2
DA:10,2
DA:11,2
DA:12,2
DA:13,2
DA:14,2
DA:15,2
DA:16,2
DA:17,2
DA:18,2
DA:19,2
DA:20,2
DA:21,1
DA:22,1
LF:22
LH:22
BRDA:8,0,0,2
BRF:1
BRH:1
end_of_record
TN:
SF:src/pages/NotFound.tsx
FN:5,NotFound
FNF:1
FNH:1
FNDA:2,NotFound
DA:1,1
DA:2,1
DA:3,1
DA:4,1
DA:5,1
DA:6,2
DA:7,2
DA:8,2
DA:9,2
DA:10,2
DA:11,2
DA:12,2
DA:13,2
DA:14,2
DA:15,2
DA:16,2
DA:17,2
DA:18,2
DA:19,2
DA:20,2
DA:21,2
DA:22,2
DA:23,2
DA:24,2
DA:25,2
DA:26,2
DA:27,2
DA:28,2
DA:29,2
DA:30,2
DA:31,2
DA:32,2
DA:33,2
DA:34,2
DA:35,1
DA:36,1
LF:36
LH:36
BRDA:5,0,0,2
BRF:1
BRH:1
end_of_record
TN:
SF:src/pages/Registration.tsx
FN:6,Registration
FNF:1
FNH:1
FNDA:2,Registration
DA:1,1
DA:2,1
DA:3,1
DA:4,1
DA:5,1
DA:6,1
DA:7,2
DA:8,2
DA:9,2
DA:10,2
DA:11,2
DA:12,2
DA:13,2
DA:14,2
DA:15,2
DA:16,2
DA:17,2
DA:18,2
DA:19,2
DA:20,2
DA:21,2
DA:22,2
DA:23,2
DA:24,2
DA:25,2
DA:26,1
DA:27,1
LF:27
LH:27
BRDA:6,0,0,2
BRF:1
BRH:1
end_of_record
TN:
SF:src/pages/Welcome.tsx
FN:8,Welcome
FNF:1
FNH:1
FNDA:3,Welcome
DA:1,1
DA:2,1
DA:3,1
DA:4,1
DA:5,1
DA:6,1
DA:7,1
DA:8,1
DA:9,3
DA:10,3
DA:11,3
DA:12,3
DA:13,3
DA:14,3
DA:15,3
DA:16,3
DA:17,3
DA:18,3
DA:19,3
DA:20,1
DA:21,1
LF:21
LH:21
BRDA:8,0,0,3
BRF:1
BRH:1
end_of_record
TN:
SF:src/pages/index.ts
FN:1,get
FN:2,get
FN:3,get
FN:4,get
FN:5,get
FNF:5
FNH:5
FNDA:1,get
FNDA:3,get
FNDA:1,get
FNDA:1,get
FNDA:1,get
DA:1,1
DA:2,1
DA:3,1
DA:4,1
DA:5,1
LF:5
LH:5
BRDA:1,0,0,1
BRDA:2,1,0,3
BRDA:3,2,0,1
BRDA:4,3,0,1
BRDA:5,4,0,1
BRF:5
BRH:5
end_of_record
TN:
SF:src/store/store.ts
FNF:0
FNH:0
DA:1,1
DA:2,1
DA:3,1
DA:4,1
DA:5,1
DA:6,1
DA:7,1
DA:8,1
DA:9,1
DA:10,1
DA:11,1
DA:12,1
DA:13,1
DA:14,1
DA:15,1
DA:16,1
DA:17,1
LF:17
LH:17
BRF:0
BRH:0
end_of_record
TN:
SF:src/store/types.ts
FNF:0
FNH:0
DA:1,1
DA:2,1
DA:3,1
DA:4,1
DA:5,1
DA:6,1
DA:7,1
DA:8,1
LF:8
LH:8
BRF:0
BRH:0
end_of_record
TN:
SF:src/store/slice/requestSlice.ts
FN:59,setApi
FN:62,setQuery
FN:65,setVariables
FN:68,setResponse
FN:71,setInfo
FN:74,setHeaders
FN:85,extraReducers
FNF:7
FNH:5
FNDA:1,setApi
FNDA:2,setQuery
FNDA:1,setVariables
FNDA:1,setResponse
FNDA:0,setInfo
FNDA:0,setHeaders
FNDA:7,extraReducers
DA:1,1
DA:2,1
DA:3,1
DA:4,1
DA:5,1
DA:6,1
DA:7,1
DA:8,1
DA:9,1
DA:10,1
DA:11,1
DA:12,1
DA:13,1
DA:14,1
DA:15,1
DA:16,1
DA:17,1
DA:18,1
DA:19,1
DA:20,1
DA:21,1
DA:22,1
DA:23,1
DA:24,1
DA:25,1
DA:26,3
DA:27,3
DA:28,3
DA:29,3
DA:30,3
DA:31,3
DA:32,3
DA:33,3
DA:34,3
DA:35,3
DA:36,3
DA:37,3
DA:38,3
DA:39,3
DA:40,3
DA:41,3
DA:42,1
DA:43,1
DA:44,1
DA:45,0
DA:46,0
DA:47,3
DA:48,3
DA:49,3
DA:50,3
DA:51,3
DA:52,3
DA:53,1
DA:54,1
DA:55,1
DA:56,1
DA:57,1
DA:58,1
DA:59,1
DA:60,1
DA:61,1
DA:62,1
DA:63,2
DA:64,1
DA:65,1
DA:66,1
DA:67,1
DA:68,1
DA:69,1
DA:70,1
DA:71,1
DA:72,0
DA:73,1
DA:74,1
DA:75,0
DA:76,0
DA:77,0
DA:78,0
DA:79,0
DA:80,0
DA:81,0
DA:82,0
DA:83,1
DA:84,1
DA:85,1
DA:86,7
DA:87,4
DA:88,4
DA:89,4
DA:90,7
DA:91,7
DA:92,4
DA:93,4
DA:94,4
DA:95,4
DA:96,4
DA:97,7
DA:98,7
DA:99,1
DA:100,1
DA:101,1
DA:102,1
DA:103,1
DA:104,7
DA:105,1
DA:106,1
DA:107,1
DA:108,1
DA:109,1
DA:110,1
DA:111,1
DA:112,1
DA:113,1
DA:114,1
DA:115,1
DA:116,1
DA:117,1
LF:117
LH:106
BRDA:25,0,0,3
BRDA:42,1,0,1
BRDA:45,2,0,0
BRDA:59,3,0,1
BRDA:62,4,0,2
BRDA:65,5,0,1
BRDA:68,6,0,1
BRDA:85,7,0,7
BRDA:86,8,0,4
BRDA:88,9,0,0
BRDA:91,10,0,4
BRDA:92,11,0,0
BRDA:98,12,0,1
BRDA:101,13,0,0
BRF:14
BRH:10
end_of_record
TN:
SF:src/store/slice/userSlice.ts
FN:12,setIsLogin
FNF:1
FNH:1
FNDA:2,setIsLogin
DA:1,1
DA:2,1
DA:3,1
DA:4,1
DA:5,1
DA:6,1
DA:7,1
DA:8,1
DA:9,1
DA:10,1
DA:11,1
DA:12,1
DA:13,2
DA:14,1
DA:15,1
DA:16,1
DA:17,1
DA:18,1
DA:19,1
DA:20,1
LF:20
LH:20
BRDA:12,0,0,2
BRF:1
BRH:1
end_of_record
TN:
SF:src/types/enum.ts
FNF:0
FNH:0
DA:1,6
DA:2,6
DA:3,6
DA:4,6
LF:4
LH:4
BRDA:1,0,0,6
BRF:1
BRH:1
end_of_record
TN:
SF:src/types/interface.ts
FN:1,(empty-report)
FNF:1
FNH:0
FNDA:0,(empty-report)
DA:1,0
DA:2,0
DA:3,0
DA:4,0
DA:5,0
DA:6,0
DA:7,0
DA:8,0
DA:9,0
DA:10,0
DA:11,0
DA:12,0
DA:13,0
DA:14,0
DA:15,0
DA:16,0
DA:17,0
DA:18,0
DA:19,0
DA:20,0
DA:21,0
DA:22,0
DA:23,0
DA:24,0
DA:25,0
DA:26,0
DA:27,0
DA:28,0
DA:29,0
DA:30,0
DA:31,0
DA:32,0
DA:33,0
DA:34,0
DA:35,0
DA:36,0
DA:37,0
DA:38,0
DA:39,0
DA:40,0
DA:41,0
DA:42,0
DA:43,0
DA:44,0
DA:45,0
DA:46,0
DA:47,0
DA:48,0
DA:49,0
DA:50,0
DA:51,0
DA:52,0
DA:53,0
DA:54,0
DA:55,0
DA:56,0
DA:57,0
DA:58,0
DA:59,0
DA:60,0
DA:61,0
DA:62,0
DA:63,0
DA:64,0
DA:65,0
DA:66,0
DA:67,0
DA:68,0
DA:69,0
DA:70,0
DA:71,0
DA:72,0
DA:73,0
DA:74,0
DA:75,0
DA:76,0
DA:77,0
LF:77
LH:0
BRDA:1,0,0,0
BRF:1
BRH:0
end_of_record
TN:
SF:src/types/types.ts
FN:34,getTemplateString
FN:43,isGetFieldsType
FN:53,isNonNull
FNF:3
FNH:3
FNDA:3,getTemplateString
FNDA:6,isGetFieldsType
FNDA:2,isNonNull
DA:1,1
DA:2,1
DA:3,1
DA:4,1
DA:5,1
DA:6,1
DA:7,1
DA:8,1
DA:9,1
DA:10,1
DA:11,1
DA:12,1
DA:13,1
DA:14,1
DA:15,1
DA:16,1
DA:17,1
DA:18,1
DA:19,1
DA:20,1
DA:21,1
DA:22,1
DA:23,1
DA:24,1
DA:25,1
DA:26,1
DA:27,1
DA:28,1
DA:29,1
DA:30,1
DA:31,1
DA:32,1
DA:33,1
DA:34,1
DA:35,3
DA:36,1
DA:37,1
DA:38,1
DA:39,1
DA:40,1
DA:41,1
DA:42,1
DA:43,1
DA:44,6
DA:45,6
DA:46,6
DA:47,6
DA:48,6
DA:49,5
DA:50,6
DA:51,6
DA:52,1
DA:53,1
DA:54,2
DA:55,2
LF:55
LH:55
BRDA:34,0,0,3
BRDA:43,1,0,6
BRDA:48,2,0,5
BRDA:53,3,0,2
BRF:4
BRH:4
end_of_record
TN:
SF:src/utils/AuthState.tsx
FN:7,AuthState
FNF:1
FNH:1
FNDA:4,AuthState
DA:1,1
DA:2,1
DA:3,1
DA:4,1
DA:5,1
DA:6,1
DA:7,4
DA:8,4
DA:9,4
DA:10,4
DA:11,2
DA:12,2
DA:13,0
DA:14,2
DA:15,2
DA:16,2
DA:17,4
DA:18,4
DA:19,4
DA:20,4
DA:21,1
DA:22,1
LF:22
LH:21
BRDA:7,0,0,4
BRDA:10,1,0,2
BRDA:11,2,0,2
BRDA:12,3,0,0
BRF:4
BRH:3
end_of_record
TN:
SF:src/utils/checkVariables.tsx
FN:1,checkVariables
FNF:1
FNH:1
FNDA:3,checkVariables
DA:1,1
DA:2,3
DA:3,3
DA:4,3
DA:5,2
DA:6,2
DA:7,3
LF:7
LH:7
BRDA:1,0,0,3
BRDA:4,1,0,2
BRF:2
BRH:2
end_of_record
TN:
SF:src/utils/countLines.ts
FN:1,countLines
FNF:1
FNH:1
FNDA:6,countLines
DA:1,1
DA:2,6
DA:3,6
DA:4,6
DA:5,6
LF:5
LH:5
BRDA:1,0,0,6
BRF:1
BRH:1
end_of_record
TN:
SF:src/utils/fillDescriptionFieldSchema.ts
FN:5,fillDescriptionFieldSchema
FNF:1
FNH:1
FNDA:3,fillDescriptionFieldSchema
DA:1,1
DA:2,1
DA:3,1
DA:4,1
DA:5,1
DA:6,3
DA:7,3
DA:8,3
DA:9,3
DA:10,3
DA:11,3
DA:12,3
DA:13,3
DA:14,3
DA:15,3
DA:16,3
DA:17,6
DA:18,3
DA:19,3
DA:20,3
DA:21,6
DA:22,6
DA:23,1
DA:24,1
DA:25,1
DA:26,6
DA:27,6
DA:28,3
DA:29,3
DA:30,3
DA:31,3
DA:32,1
DA:33,1
LF:33
LH:33
BRDA:5,0,0,3
BRDA:16,1,0,6
BRDA:17,2,0,3
BRDA:22,3,0,1
BRF:4
BRH:4
end_of_record
TN:
SF:src/utils/formatCode.ts
FN:1,formatCode
FNF:1
FNH:1
FNDA:4,formatCode
DA:1,1
DA:2,4
DA:3,4
DA:4,4
DA:5,4
DA:6,4
DA:7,4
DA:8,4
DA:9,4
DA:10,4
DA:11,4
DA:12,4
DA:13,4
DA:14,33
DA:15,33
DA:16,33
DA:17,9
DA:18,9
DA:19,9
DA:20,33
DA:21,9
DA:22,9
DA:23,24
DA:24,15
DA:25,15
DA:26,4
DA:27,4
DA:28,4
DA:29,4
DA:30,4
DA:31,4
DA:32,0
DA:33,0
DA:34,0
DA:35,4
LF:35
LH:32
BRDA:1,0,0,4
BRDA:31,1,0,0
BRDA:11,2,0,34
BRDA:13,3,0,33
BRDA:16,4,0,9
BRDA:20,5,0,24
BRDA:20,6,0,16
BRDA:20,7,0,9
BRDA:23,8,0,15
BRF:9
BRH:8
end_of_record
TN:
SF:src/utils/getArgsTypes.tsx
FN:4,getArgsTypes
FN:12,onClick
FNF:2
FNH:1
FNDA:1,getArgsTypes
FNDA:0,onClick
DA:1,1
DA:2,1
DA:3,1
DA:4,1
DA:5,1
DA:6,1
DA:7,1
DA:8,1
DA:9,1
DA:10,1
DA:11,1
DA:12,1
DA:13,1
DA:14,1
DA:15,1
DA:16,1
DA:17,1
DA:18,0
DA:19,0
DA:20,0
DA:21,0
DA:22,1
DA:23,1
DA:24,1
LF:24
LH:20
BRDA:4,0,0,1
BRDA:17,1,0,0
BRF:2
BRH:1
end_of_record
TN:
SF:src/utils/renderError.tsx
FN:8,onRenderError
FNF:1
FNH:1
FNDA:6,onRenderError
DA:1,1
DA:2,1
DA:3,1
DA:4,1
DA:5,1
DA:6,1
DA:7,1
DA:8,1
DA:9,6
DA:10,1
DA:11,0
DA:12,0
DA:13,1
DA:14,6
DA:15,5
DA:16,5
DA:17,6
LF:17
LH:15
BRDA:8,0,0,6
BRDA:9,1,0,1
BRDA:10,2,0,0
BRDA:14,3,0,5
BRDA:15,4,0,0
BRF:5
BRH:3
end_of_record
TN:
SF:src/utils/schema.tsx
FNF:0
FNH:0
DA:1,1
DA:2,1
DA:3,1
DA:4,1
DA:5,1
DA:6,1
DA:7,1
DA:8,1
DA:9,1
DA:10,1
DA:11,1
DA:12,1
DA:13,1
DA:14,1
DA:15,1
DA:16,1
DA:17,1
DA:18,1
DA:19,1
DA:20,1
DA:21,1
DA:22,1
DA:23,1
DA:24,1
DA:25,1
DA:26,1
DA:27,1
DA:28,1
DA:29,1
DA:30,1
DA:31,1
DA:32,1
DA:33,1
DA:34,1
DA:35,1
DA:36,1
DA:37,1
DA:38,1
DA:39,1
DA:40,1
DA:41,1
DA:42,1
DA:43,1
DA:44,1
DA:45,1
DA:46,1
DA:47,1
DA:48,1
DA:49,1
DA:50,1
DA:51,1
DA:52,1
DA:53,1
DA:54,1
DA:55,1
DA:56,1
DA:57,1
DA:58,1
DA:59,1
DA:60,1
DA:61,1
DA:62,1
DA:63,1
DA:64,1
DA:65,1
DA:66,1
DA:67,1
DA:68,1
DA:69,1
DA:70,1
DA:71,1
DA:72,1
DA:73,1
DA:74,1
DA:75,1
DA:76,1
DA:77,1
DA:78,1
DA:79,1
DA:80,1
DA:81,1
DA:82,1
DA:83,1
DA:84,1
DA:85,1
DA:86,1
DA:87,1
DA:88,1
DA:89,1
DA:90,1
DA:91,1
LF:91
LH:91
BRF:0
BRH:0
end_of_record
TN:
SF:src/utils/toasts.tsx
FN:20,toastSignUp
FN:31,render
FN:40,toastForNoConnection
FN:49,toastSignIn
FN:61,render
FN:71,toastLogout
FN:83,render
FNF:7
FNH:4
FNDA:2,toastSignUp
FNDA:0,render
FNDA:2,toastForNoConnection
FNDA:1,toastSignIn
FNDA:0,render
FNDA:1,toastLogout
FNDA:0,render
DA:1,1
DA:2,1
DA:3,1
DA:4,1
DA:5,1
DA:6,1
DA:7,1
DA:8,1
DA:9,1
DA:10,1
DA:11,1
DA:12,1
DA:13,1
DA:14,1
DA:15,1
DA:16,1
DA:17,1
DA:18,1
DA:19,1
DA:20,1
DA:21,2
DA:22,2
DA:23,2
DA:24,2
DA:25,2
DA:26,2
DA:27,2
DA:28,2
DA:29,2
DA:30,2
DA:31,2
DA:32,0
DA:33,0
DA:34,2
DA:35,2
DA:36,2
DA:37,2
DA:38,2
DA:39,1
DA:40,1
DA:41,2
DA:42,0
DA:43,0
DA:44,0
DA:45,0
DA:46,0
DA:47,2
DA:48,1
DA:49,1
DA:50,1
DA:51,1
DA:52,1
DA:53,1
DA:54,1
DA:55,1
DA:56,1
DA:57,1
DA:58,1
DA:59,1
DA:60,1
DA:61,1
DA:62,0
DA:63,0
DA:64,1
DA:65,1
DA:66,1
DA:67,1
DA:68,1
DA:69,1
DA:70,1
DA:71,1
DA:72,1
DA:73,1
DA:74,1
DA:75,1
DA:76,1
DA:77,1
DA:78,1
DA:79,1
DA:80,1
DA:81,1
DA:82,1
DA:83,1
DA:84,0
DA:85,0
DA:86,1
DA:87,1
DA:88,1
DA:89,1
DA:90,1
DA:91,1
LF:91
LH:80
BRDA:20,0,0,2
BRDA:27,1,0,0
BRDA:29,2,0,0
BRDA:40,3,0,2
BRDA:41,4,0,0
BRDA:49,5,0,1
BRDA:56,6,0,0
BRDA:58,7,0,0
BRDA:71,8,0,1
BRDA:78,9,0,0
BRDA:80,10,0,0
BRF:11
BRH:4
end_of_record
